app/build/intermediates/manifest_merge_blame_file/release/manifest-merger-blame-release-report.txt
1<?xml version="1.0" encoding="utf-8"?>
2<manifest xmlns:android="http://schemas.android.com/apk/res/android"
3    package="com.i2donate"
4    android:versionCode="39"
5    android:versionName="1.0.39" >
6
7    <uses-sdk
8        android:minSdkVersion="21"
8-->src/main/AndroidManifest.xml
9        android:targetSdkVersion="33" />
9-->src/main/AndroidManifest.xml
10
11    <supports-screens
11-->src/main/AndroidManifest.xml:6:5-11:40
12        android:anyDensity="true"
12-->src/main/AndroidManifest.xml:7:9-34
13        android:largeScreens="true"
13-->src/main/AndroidManifest.xml:8:9-36
14        android:normalScreens="true"
14-->src/main/AndroidManifest.xml:9:9-37
15        android:smallScreens="true"
15-->src/main/AndroidManifest.xml:10:9-36
16        android:xlargeScreens="true" />
16-->src/main/AndroidManifest.xml:11:9-37
17
18    <uses-permission android:name="com.google.android.c2dm.permission.RECEIVE" />
18-->src/main/AndroidManifest.xml:13:5-82
18-->src/main/AndroidManifest.xml:13:22-79
19    <uses-permission android:name="android.permission.WAKE_LOCK" />
19-->src/main/AndroidManifest.xml:14:5-68
19-->src/main/AndroidManifest.xml:14:22-65
20
21    <permission
21-->src/main/AndroidManifest.xml:16:5-18:47
22        android:name="com.kuliza.taxi.permission.MAPS_RECEIVE"
22-->src/main/AndroidManifest.xml:17:9-63
23        android:protectionLevel="signature" />
23-->src/main/AndroidManifest.xml:18:9-44
24
25    <uses-permission android:name="android.permission.READ_PHONE_STATE" />
25-->src/main/AndroidManifest.xml:20:5-75
25-->src/main/AndroidManifest.xml:20:22-72
26    <uses-permission android:name="com.google.android.providers.gsf.permission.READ_GSERVICES" />
26-->src/main/AndroidManifest.xml:21:5-98
26-->src/main/AndroidManifest.xml:21:22-95
27    <uses-permission android:name="android.permission.ACCESS_COARSE_LOCATION" />
27-->src/main/AndroidManifest.xml:22:5-81
27-->src/main/AndroidManifest.xml:22:22-78
28    <uses-permission android:name="android.permission.ACCESS_FINE_LOCATION" />
28-->src/main/AndroidManifest.xml:23:5-79
28-->src/main/AndroidManifest.xml:23:22-76
29    <uses-permission android:name="android.permission.INTERNET" />
29-->src/main/AndroidManifest.xml:24:5-67
29-->src/main/AndroidManifest.xml:24:22-64
30    <uses-permission android:name="android.permission.ACCESS_NETWORK_STATE" />
30-->src/main/AndroidManifest.xml:25:5-79
30-->src/main/AndroidManifest.xml:25:22-76
31    <uses-permission android:name="android.permission.ACCESS_WIFI_STATE" />
31-->src/main/AndroidManifest.xml:26:5-76
31-->src/main/AndroidManifest.xml:26:22-73
32    <uses-permission android:name="android.permission.CHANGE_WIFI_STATE" />
32-->src/main/AndroidManifest.xml:27:5-76
32-->src/main/AndroidManifest.xml:27:22-73
33    <uses-permission android:name="android.permission.RECORD_VIDEO" />
33-->src/main/AndroidManifest.xml:28:5-71
33-->src/main/AndroidManifest.xml:28:22-68
34    <uses-permission android:name="android.permission.RECORD_AUDIO" />
34-->src/main/AndroidManifest.xml:29:5-71
34-->src/main/AndroidManifest.xml:29:22-68
35    <uses-permission android:name="android.permission.CAMERA" />
35-->src/main/AndroidManifest.xml:30:5-65
35-->src/main/AndroidManifest.xml:30:22-62
36    <uses-permission android:name="android.permission.CALL_PHONE" />
36-->src/main/AndroidManifest.xml:31:5-69
36-->src/main/AndroidManifest.xml:31:22-66
37    <uses-permission android:name="android.permission.READ_EXTERNAL_STORAGE" />
37-->src/main/AndroidManifest.xml:32:5-80
37-->src/main/AndroidManifest.xml:32:22-77
38    <uses-permission android:name="android.permission.WRITE_EXTERNAL_STORAGE" />
38-->src/main/AndroidManifest.xml:33:5-81
38-->src/main/AndroidManifest.xml:33:22-78
39    <uses-permission android:name="android.permission.READ_PHONE_STATE" />
39-->src/main/AndroidManifest.xml:20:5-75
39-->src/main/AndroidManifest.xml:20:22-72
40
41    <uses-feature
41-->src/main/AndroidManifest.xml:39:5-41:35
42        android:name="android.hardware.camera.any"
42-->src/main/AndroidManifest.xml:40:9-51
43        android:required="true" />
43-->src/main/AndroidManifest.xml:41:9-32
44    <uses-feature
44-->src/main/AndroidManifest.xml:42:5-44:36
45        android:name="android.hardware.camera.autofocus"
45-->src/main/AndroidManifest.xml:43:9-57
46        android:required="false" />
46-->src/main/AndroidManifest.xml:44:9-33
47
48    <queries>
48-->[com.facebook.android:facebook-common:16.3.0] AndroidManifest.xml:17:5-19:15
49        <package android:name="com.facebook.katana" />
49-->[com.facebook.android:facebook-common:16.3.0] AndroidManifest.xml:18:9-55
49-->[com.facebook.android:facebook-common:16.3.0] AndroidManifest.xml:18:18-52
50        <package android:name="com.venmo" />
50-->[com.braintreepayments.api:braintree-core:4.40.1] AndroidManifest.xml:14:9-45
50-->[com.braintreepayments.api:braintree-core:4.40.1] AndroidManifest.xml:14:18-42
51        <package android:name="com.paypal.android.p2pmobile" />
51-->[com.braintreepayments.api:braintree-core:4.40.1] AndroidManifest.xml:15:9-64
51-->[com.braintreepayments.api:braintree-core:4.40.1] AndroidManifest.xml:15:18-61
52
53        <intent>
53-->[com.braintreepayments.api:browser-switch:2.6.1] AndroidManifest.xml:8:9-14:18
54            <action android:name="android.intent.action.VIEW" />
54-->src/main/AndroidManifest.xml:86:17-69
54-->src/main/AndroidManifest.xml:86:25-66
55
56            <category android:name="android.intent.category.BROWSABLE" />
56-->src/main/AndroidManifest.xml:89:17-78
56-->src/main/AndroidManifest.xml:89:27-75
57
58            <data android:scheme="https" />
58-->src/main/AndroidManifest.xml:91:23-66
59        </intent>
60        <intent>
60-->[com.braintreepayments.api:browser-switch:2.6.1] AndroidManifest.xml:15:9-17:18
61            <action android:name="android.support.customtabs.action.CustomTabsService" />
61-->[com.braintreepayments.api:browser-switch:2.6.1] AndroidManifest.xml:16:13-90
61-->[com.braintreepayments.api:browser-switch:2.6.1] AndroidManifest.xml:16:21-87
62        </intent> <!-- Needs to be explicitly declared on Android R+ -->
63        <package android:name="com.google.android.apps.maps" />
63-->[com.google.android.gms:play-services-maps:18.1.0] AndroidManifest.xml:33:9-64
63-->[com.google.android.gms:play-services-maps:18.1.0] AndroidManifest.xml:33:18-61
64    </queries>
65
66    <uses-permission android:name="android.permission.POST_NOTIFICATIONS" />
66-->[com.google.firebase:firebase-messaging:23.4.0] AndroidManifest.xml:23:5-77
66-->[com.google.firebase:firebase-messaging:23.4.0] AndroidManifest.xml:23:22-74
67
68    <uses-feature
68-->[com.google.android.gms:play-services-maps:18.1.0] AndroidManifest.xml:26:5-28:35
69        android:glEsVersion="0x00020000"
69-->[com.google.android.gms:play-services-maps:18.1.0] AndroidManifest.xml:27:9-41
70        android:required="true" />
70-->[com.google.android.gms:play-services-maps:18.1.0] AndroidManifest.xml:28:9-32
71
72    <uses-permission android:name="android.permission.ACCESS_ADSERVICES_ATTRIBUTION" />
72-->[com.google.android.gms:play-services-measurement-api:21.5.0] AndroidManifest.xml:26:5-88
72-->[com.google.android.gms:play-services-measurement-api:21.5.0] AndroidManifest.xml:26:22-85
73    <uses-permission android:name="android.permission.ACCESS_ADSERVICES_AD_ID" />
73-->[com.google.android.gms:play-services-measurement-api:21.5.0] AndroidManifest.xml:27:5-82
73-->[com.google.android.gms:play-services-measurement-api:21.5.0] AndroidManifest.xml:27:22-79
74    <uses-permission android:name="com.google.android.finsky.permission.BIND_GET_INSTALL_REFERRER_SERVICE" />
74-->[com.google.android.gms:play-services-measurement:21.5.0] AndroidManifest.xml:26:5-110
74-->[com.google.android.gms:play-services-measurement:21.5.0] AndroidManifest.xml:26:22-107
75    <uses-permission android:name="android.permission.RECEIVE_BOOT_COMPLETED" />
75-->[androidx.work:work-runtime:2.7.0-alpha05] AndroidManifest.xml:27:5-81
75-->[androidx.work:work-runtime:2.7.0-alpha05] AndroidManifest.xml:27:22-78
76    <uses-permission android:name="android.permission.FOREGROUND_SERVICE" />
76-->[androidx.work:work-runtime:2.7.0-alpha05] AndroidManifest.xml:28:5-77
76-->[androidx.work:work-runtime:2.7.0-alpha05] AndroidManifest.xml:28:22-74
77
78    <permission
78-->[androidx.core:core:1.9.0] AndroidManifest.xml:22:5-24:47
79        android:name="com.i2donate.DYNAMIC_RECEIVER_NOT_EXPORTED_PERMISSION"
79-->[androidx.core:core:1.9.0] AndroidManifest.xml:23:9-81
80        android:protectionLevel="signature" />
80-->[androidx.core:core:1.9.0] AndroidManifest.xml:24:9-44
81
82    <uses-permission android:name="com.i2donate.DYNAMIC_RECEIVER_NOT_EXPORTED_PERMISSION" />
82-->[androidx.core:core:1.9.0] AndroidManifest.xml:26:5-97
82-->[androidx.core:core:1.9.0] AndroidManifest.xml:26:22-94
83
84    <application
84-->src/main/AndroidManifest.xml:46:5-277:19
85        android:name="com.i2donate.Interwork.MyApplication"
85-->src/main/AndroidManifest.xml:47:9-48
86        android:allowBackup="true"
86-->src/main/AndroidManifest.xml:48:9-35
87        android:appComponentFactory="androidx.core.app.CoreComponentFactory"
87-->[androidx.core:core:1.9.0] AndroidManifest.xml:28:18-86
88        android:exported="false"
88-->src/main/AndroidManifest.xml:49:9-33
89        android:fullBackupContent="false"
89-->src/main/AndroidManifest.xml:50:9-42
90        android:grantUriPermissions="true"
90-->src/main/AndroidManifest.xml:51:9-43
91        android:hardwareAccelerated="false"
91-->src/main/AndroidManifest.xml:52:9-44
92        android:icon="@drawable/logo"
92-->src/main/AndroidManifest.xml:53:9-38
93        android:label="@string/app_name"
93-->src/main/AndroidManifest.xml:54:9-41
94        android:largeHeap="true"
94-->src/main/AndroidManifest.xml:55:9-33
95        android:requestLegacyExternalStorage="true"
95-->src/main/AndroidManifest.xml:56:9-52
96        android:roundIcon="@mipmap/ic_launcher"
96-->src/main/AndroidManifest.xml:57:9-48
97        android:supportsRtl="true"
97-->src/main/AndroidManifest.xml:58:9-35
98        android:theme="@style/ChatBackground"
98-->src/main/AndroidManifest.xml:59:9-46
99        android:usesCleartextTraffic="true"
99-->src/main/AndroidManifest.xml:60:9-44
100        android:windowSoftInputMode="adjustResize|stateAlwaysHidden" >
100-->src/main/AndroidManifest.xml:61:9-69
101        <activity
101-->src/main/AndroidManifest.xml:63:9-65:40
102            android:name="com.i2donate.Activity.TwitterLoginWebView"
102-->src/main/AndroidManifest.xml:64:13-57
103            android:exported="false" />
103-->src/main/AndroidManifest.xml:65:13-37
104        <activity
104-->src/main/AndroidManifest.xml:66:9-72:20
105            android:name="com.i2donate.Activity.NamePlaceSerachActivity"
105-->src/main/AndroidManifest.xml:67:13-61
106            android:exported="false" >
106-->src/main/AndroidManifest.xml:68:13-37
107            <meta-data
107-->src/main/AndroidManifest.xml:69:13-71:36
108                android:name="android.app.lib_name"
108-->src/main/AndroidManifest.xml:70:17-52
109                android:value="" />
109-->src/main/AndroidManifest.xml:71:17-33
110        </activity>
111        <activity
111-->src/main/AndroidManifest.xml:73:9-79:20
112            android:name="com.i2donate.Activity.TypeSerchActivity"
112-->src/main/AndroidManifest.xml:74:13-55
113            android:exported="false" >
113-->src/main/AndroidManifest.xml:75:13-37
114            <meta-data
114-->src/main/AndroidManifest.xml:69:13-71:36
115                android:name="android.app.lib_name"
115-->src/main/AndroidManifest.xml:70:17-52
116                android:value="" />
116-->src/main/AndroidManifest.xml:71:17-33
117        </activity>
118        <activity android:name="com.i2donate.Activity.PrivactPolicyActivity" />
118-->src/main/AndroidManifest.xml:80:9-68
118-->src/main/AndroidManifest.xml:80:19-65
119        <activity
119-->src/main/AndroidManifest.xml:81:9-93:20
120            android:name="com.braintreepayments.api.BraintreeBrowserSwitchActivity"
120-->src/main/AndroidManifest.xml:82:13-84
121            android:exported="true"
121-->src/main/AndroidManifest.xml:83:13-36
122            android:launchMode="singleTask" >
122-->src/main/AndroidManifest.xml:84:13-44
123            <intent-filter>
123-->src/main/AndroidManifest.xml:85:13-92:29
124                <action android:name="android.intent.action.VIEW" />
124-->src/main/AndroidManifest.xml:86:17-69
124-->src/main/AndroidManifest.xml:86:25-66
125
126                <category android:name="android.intent.category.DEFAULT" />
126-->src/main/AndroidManifest.xml:88:17-76
126-->src/main/AndroidManifest.xml:88:27-73
127                <category android:name="android.intent.category.BROWSABLE" />
127-->src/main/AndroidManifest.xml:89:17-78
127-->src/main/AndroidManifest.xml:89:27-75
128
129                <data android:scheme="com.i2donate.braintree" />
129-->src/main/AndroidManifest.xml:91:23-66
130            </intent-filter>
131        </activity>
132        <activity android:name="com.i2donate.Activity.BrainTreePaymentActivity" />
132-->src/main/AndroidManifest.xml:94:9-71
132-->src/main/AndroidManifest.xml:94:19-68
133        <activity android:name="com.i2donate.Activity.PrivacyPolicyActivity" />
133-->src/main/AndroidManifest.xml:95:9-68
133-->src/main/AndroidManifest.xml:95:19-65
134        <activity android:name="com.i2donate.Activity.TermsAndConditionActivity" />
134-->src/main/AndroidManifest.xml:96:9-72
134-->src/main/AndroidManifest.xml:96:19-69
135        <activity android:name="com.i2donate.Activity.NewtypesActivity" />
135-->src/main/AndroidManifest.xml:97:9-63
135-->src/main/AndroidManifest.xml:97:19-60
136
137        <meta-data
137-->src/main/AndroidManifest.xml:99:9-101:37
138            android:name="firebase_crashlytics_collection_enabled"
138-->src/main/AndroidManifest.xml:100:13-67
139            android:value="false" /> <!-- <service -->
139-->src/main/AndroidManifest.xml:101:13-34
140        <!-- android:name=".Notification.fcm.MyFirebaseMessagingService" -->
141        <!-- android:exported="false"> -->
142        <!-- <intent-filter> -->
143        <!-- <action android:name="com.google.firebase.MESSAGING_EVENT" /> -->
144        <!-- </intent-filter> -->
145        <!-- </service> -->
146        <!-- <receiver -->
147        <!-- android:name=".Notification.fcm.OnBootBroadcastReceiver" -->
148        <!-- android:exported="false"> -->
149        <!-- <intent-filter> -->
150        <!-- <action android:name="android.intent.action.BOOT_COMPLETED" /> -->
151        <!-- </intent-filter> -->
152        <!-- </receiver> -->
153        <activity android:name="com.i2donate.Activity.ConfirmationActivity" />
153-->src/main/AndroidManifest.xml:115:9-67
153-->src/main/AndroidManifest.xml:115:19-64
154        <activity android:name="com.i2donate.Activity.AnnualRevenueActivity" />
154-->src/main/AndroidManifest.xml:116:9-68
154-->src/main/AndroidManifest.xml:116:19-65
155        <activity android:name="com.i2donate.Activity.TitleSubTitleActivity" />
155-->src/main/AndroidManifest.xml:117:9-68
155-->src/main/AndroidManifest.xml:117:19-65
156        <activity android:name="com.i2donate.Activity.SubCategoryActivity" />
156-->src/main/AndroidManifest.xml:118:9-66
156-->src/main/AndroidManifest.xml:118:19-63
157        <activity android:name="com.i2donate.Activity.AdvanceCompletedActivity" />
157-->src/main/AndroidManifest.xml:119:9-71
157-->src/main/AndroidManifest.xml:119:19-68
158        <activity android:name="com.i2donate.Activity.PaymentSuccessActivity" />
158-->src/main/AndroidManifest.xml:120:9-69
158-->src/main/AndroidManifest.xml:120:19-66
159        <activity android:name="com.i2donate.Activity.SelectPaymentActivity" />
159-->src/main/AndroidManifest.xml:121:9-68
159-->src/main/AndroidManifest.xml:121:19-65
160        <activity android:name="com.i2donate.Activity.ChangePasswordActivity" />
160-->src/main/AndroidManifest.xml:122:9-69
160-->src/main/AndroidManifest.xml:122:19-66
161        <activity
161-->src/main/AndroidManifest.xml:123:9-125:76
162            android:name="com.i2donate.Activity.OtpActivity"
162-->src/main/AndroidManifest.xml:124:13-49
163            android:windowSoftInputMode="adjustResize|stateAlwaysHidden" />
163-->src/main/AndroidManifest.xml:125:13-73
164        <activity android:name="com.i2donate.Activity.ForgotActivity" />
164-->src/main/AndroidManifest.xml:126:9-61
164-->src/main/AndroidManifest.xml:126:19-58
165        <activity android:name="com.i2donate.Activity.AdvanceSearchActivity" />
165-->src/main/AndroidManifest.xml:127:9-68
165-->src/main/AndroidManifest.xml:127:19-65
166        <activity
166-->src/main/AndroidManifest.xml:128:9-130:53
167            android:name="com.i2donate.Activity.AdavanceSearchUIDesign"
167-->src/main/AndroidManifest.xml:129:13-60
168            android:theme="@style/adavance_theme" />
168-->src/main/AndroidManifest.xml:130:13-50
169        <activity android:name="com.i2donate.Activity.AdavanceSearch_new" />
169-->src/main/AndroidManifest.xml:131:9-65
169-->src/main/AndroidManifest.xml:131:19-62
170        <activity android:name="com.i2donate.Activity.HelpSupportActivity" />
170-->src/main/AndroidManifest.xml:132:9-66
170-->src/main/AndroidManifest.xml:132:19-63
171        <activity android:name="com.i2donate.Activity.AboutActivity" />
171-->src/main/AndroidManifest.xml:133:9-60
171-->src/main/AndroidManifest.xml:133:19-57
172        <activity android:name="com.i2donate.Activity.InternationalCharitiesActivity" />
172-->src/main/AndroidManifest.xml:134:9-77
172-->src/main/AndroidManifest.xml:134:19-74
173        <activity android:name="com.i2donate.Activity.PlaceSearchActivity" />
173-->src/main/AndroidManifest.xml:135:9-66
173-->src/main/AndroidManifest.xml:135:19-63
174        <activity android:name="com.i2donate.Activity.AutosearchActivity" />
174-->src/main/AndroidManifest.xml:136:9-65
174-->src/main/AndroidManifest.xml:136:19-62
175        <!--
176             The API key for Google Maps-based APIs is defined as a string resource.
177             (See the file "res/values/google_maps_api.xml").
178             Note that the API key is linked to the encryption key used to sign the APK.
179             You need a different API key for each encryption key, including the release key that is used to
180             sign the APK for publishing.
181             You can define the keys for the debug and release targets in src/debug/ and src/release/.
182        -->
183        <!--
184   <meta-data
185            android:name="com.google.android.geo.API_KEY"
186            android:value="AIzaSyDwyL_q0Z9StsO0xYL_7qR7_ZIeW85I110" />
187        -->
188        <activity android:name="com.i2donate.Activity.UpdateActivity" />
188-->src/main/AndroidManifest.xml:150:9-61
188-->src/main/AndroidManifest.xml:150:19-58
189        <activity android:name="com.i2donate.Activity.AdvanceSearch1Activity" />
189-->src/main/AndroidManifest.xml:151:9-69
189-->src/main/AndroidManifest.xml:151:19-66
190        <activity
190-->src/main/AndroidManifest.xml:152:9-161:20
191            android:name="com.i2donate.Activity.WelcomeActivity"
191-->src/main/AndroidManifest.xml:153:13-53
192            android:exported="true"
192-->src/main/AndroidManifest.xml:154:13-36
193            android:theme="@style/inter_splash_screen" >
193-->src/main/AndroidManifest.xml:155:13-55
194            <intent-filter>
194-->src/main/AndroidManifest.xml:156:13-160:29
195                <action android:name="android.intent.action.MAIN" />
195-->src/main/AndroidManifest.xml:157:17-69
195-->src/main/AndroidManifest.xml:157:25-66
196
197                <category android:name="android.intent.category.LAUNCHER" />
197-->src/main/AndroidManifest.xml:159:17-77
197-->src/main/AndroidManifest.xml:159:27-74
198            </intent-filter>
199        </activity>
200        <activity
200-->src/main/AndroidManifest.xml:162:9-164:76
201            android:name="com.i2donate.Activity.UnitedStateDetailsActivity"
201-->src/main/AndroidManifest.xml:163:13-64
202            android:windowSoftInputMode="adjustResize|stateAlwaysHidden" />
202-->src/main/AndroidManifest.xml:164:13-73
203        <activity
203-->src/main/AndroidManifest.xml:165:9-167:48
204            android:name="com.i2donate.Activity.SettingActivity"
204-->src/main/AndroidManifest.xml:166:13-53
205            android:theme="@style/AppTheme1" />
205-->src/main/AndroidManifest.xml:167:13-45
206        <activity android:name="com.i2donate.Activity.NotificationActivity" />
206-->src/main/AndroidManifest.xml:168:9-67
206-->src/main/AndroidManifest.xml:168:19-64
207        <activity android:name="com.i2donate.Activity.FollowingActivity" />
207-->src/main/AndroidManifest.xml:169:9-64
207-->src/main/AndroidManifest.xml:169:19-61
208        <activity android:name="com.i2donate.Activity.TypesActivity" />
208-->src/main/AndroidManifest.xml:170:9-60
208-->src/main/AndroidManifest.xml:170:19-57
209        <activity
209-->src/main/AndroidManifest.xml:171:9-174:76
210            android:name="com.i2donate.Activity.NameSearchActivity"
210-->src/main/AndroidManifest.xml:172:13-56
211            android:theme="@style/ChatBackground"
211-->src/main/AndroidManifest.xml:173:13-50
212            android:windowSoftInputMode="adjustResize|stateAlwaysHidden" />
212-->src/main/AndroidManifest.xml:174:13-73
213        <activity
213-->src/main/AndroidManifest.xml:175:9-177:67
214            android:name="com.i2donate.Activity.UnitedStateActivity"
214-->src/main/AndroidManifest.xml:176:13-57
215            android:windowSoftInputMode="adjustPan|stateHidden" />
215-->src/main/AndroidManifest.xml:177:13-64
216        <activity
216-->src/main/AndroidManifest.xml:178:9-181:76
217            android:name="com.i2donate.CommonActivity.CommonBackActivity"
217-->src/main/AndroidManifest.xml:179:13-62
218            android:theme="@style/ChatBackground"
218-->src/main/AndroidManifest.xml:180:13-50
219            android:windowSoftInputMode="adjustResize|stateAlwaysHidden" />
219-->src/main/AndroidManifest.xml:181:13-73
220        <activity android:name="com.i2donate.Activity.RegisterActivity" />
220-->src/main/AndroidManifest.xml:182:9-63
220-->src/main/AndroidManifest.xml:182:19-60
221        <activity
221-->src/main/AndroidManifest.xml:183:9-186:48
222            android:name="com.facebook.FacebookActivity"
222-->src/main/AndroidManifest.xml:184:13-57
223            android:configChanges="keyboard|keyboardHidden|screenLayout|screenSize|orientation"
223-->src/main/AndroidManifest.xml:185:13-96
224            android:label="@string/app_name"
224-->src/main/AndroidManifest.xml:186:13-45
225            android:theme="@style/com_facebook_activity_theme" />
225-->[com.facebook.android:facebook-common:16.3.0] AndroidManifest.xml:25:13-63
226        <activity
226-->src/main/AndroidManifest.xml:187:9-198:20
227            android:name="com.facebook.CustomTabActivity"
227-->src/main/AndroidManifest.xml:188:13-58
228            android:exported="true" >
228-->src/main/AndroidManifest.xml:189:13-36
229            <intent-filter>
229-->src/main/AndroidManifest.xml:190:13-197:29
230                <action android:name="android.intent.action.VIEW" />
230-->src/main/AndroidManifest.xml:86:17-69
230-->src/main/AndroidManifest.xml:86:25-66
231
232                <category android:name="android.intent.category.DEFAULT" />
232-->src/main/AndroidManifest.xml:88:17-76
232-->src/main/AndroidManifest.xml:88:27-73
233                <category android:name="android.intent.category.BROWSABLE" />
233-->src/main/AndroidManifest.xml:89:17-78
233-->src/main/AndroidManifest.xml:89:27-75
234
235                <data android:scheme="@string/fb_login_protocol_scheme" />
235-->src/main/AndroidManifest.xml:91:23-66
236            </intent-filter>
237            <intent-filter>
237-->[com.facebook.android:facebook-common:16.3.0] AndroidManifest.xml:31:13-40:29
238                <action android:name="android.intent.action.VIEW" />
238-->src/main/AndroidManifest.xml:86:17-69
238-->src/main/AndroidManifest.xml:86:25-66
239
240                <category android:name="android.intent.category.DEFAULT" />
240-->src/main/AndroidManifest.xml:88:17-76
240-->src/main/AndroidManifest.xml:88:27-73
241                <category android:name="android.intent.category.BROWSABLE" />
241-->src/main/AndroidManifest.xml:89:17-78
241-->src/main/AndroidManifest.xml:89:27-75
242
243                <data
244                    android:host="cct.com.i2donate"
245                    android:scheme="fbconnect" />
245-->src/main/AndroidManifest.xml:91:23-66
246            </intent-filter>
247        </activity> <!-- facebooklogin -->
248        <activity
248-->src/main/AndroidManifest.xml:199:9-218:20
249            android:name="com.i2donate.Activity.LoginActivity"
249-->src/main/AndroidManifest.xml:200:13-51
250            android:theme="@style/ChatBackground"
250-->src/main/AndroidManifest.xml:201:13-50
251            android:windowSoftInputMode="adjustResize|stateAlwaysHidden" >
251-->src/main/AndroidManifest.xml:202:13-73
252
253            <!-- <intent-filter> -->
254            <!-- <action android:name="android.intent.action.VIEW" /> -->
255
256
257            <!-- <category android:name="android.intent.category.DEFAULT" /> -->
258            <!-- <category android:name="android.intent.category.BROWSABLE" /> -->
259
260
261            <!-- <data -->
262            <!-- android:scheme="oauth" -->
263            <!-- android:host="twittersdk://" -->
264            <!-- /> -->
265            <!-- </intent-filter> -->
266
267        </activity>
268        <activity
268-->src/main/AndroidManifest.xml:219:9-230:20
269            android:name="com.i2donate.Activity.SplashScreenActivity"
269-->src/main/AndroidManifest.xml:220:13-58
270            android:exported="true"
270-->src/main/AndroidManifest.xml:221:13-36
271            android:theme="@style/inter_splash_screen" >
271-->src/main/AndroidManifest.xml:222:13-55
272
273            <!-- <intent-filter> -->
274            <!-- <action android:name="android.intent.action.MAIN" /> -->
275
276
277            <!-- <category android:name="android.intent.category.LAUNCHER" /> -->
278            <!-- </intent-filter> -->
279        </activity>
280        <activity android:name="com.i2donate.Activity.MyspaceActivity" />
280-->src/main/AndroidManifest.xml:231:9-62
280-->src/main/AndroidManifest.xml:231:19-59
281        <activity android:name="com.i2donate.CommonActivity.CommonMenuActivity" />
281-->src/main/AndroidManifest.xml:232:9-71
281-->src/main/AndroidManifest.xml:232:19-68
282        <activity
282-->src/main/AndroidManifest.xml:233:9-235:58
283            android:name="com.i2donate.Activity.BrowseActivity"
283-->src/main/AndroidManifest.xml:234:13-52
284            android:windowSoftInputMode="adjustResize" />
284-->src/main/AndroidManifest.xml:235:13-55
285
286        <meta-data
286-->src/main/AndroidManifest.xml:237:9-239:71
287            android:name="com.google.android.geo.API_KEY"
287-->src/main/AndroidManifest.xml:238:13-58
288            android:value="AIzaSyDfOZf_bITlewuOVvnVICvjQ70VdFHmR2Q" />
288-->src/main/AndroidManifest.xml:239:13-68
289        <meta-data
289-->src/main/AndroidManifest.xml:240:9-242:69
290            android:name="com.google.android.gms.version"
290-->src/main/AndroidManifest.xml:241:13-58
291            android:value="@integer/google_play_services_version" /> <!-- <meta-data -->
291-->src/main/AndroidManifest.xml:242:13-66
292        <!-- android:name="com.facebook.sdk.ApplicationId" -->
293        <!-- android:value="@string/facebook_app_id" /> -->
294        <meta-data
294-->src/main/AndroidManifest.xml:245:9-247:55
295            android:name="com.facebook.sdk.ApplicationId"
295-->src/main/AndroidManifest.xml:246:13-58
296            android:value="@string/facebook_app_id" />
296-->src/main/AndroidManifest.xml:247:13-52
297        <meta-data
297-->src/main/AndroidManifest.xml:248:9-250:61
298            android:name="com.facebook.sdk.ClientToken"
298-->src/main/AndroidManifest.xml:249:13-56
299            android:value="@string/facebook_client_token" />
299-->src/main/AndroidManifest.xml:250:13-58
300
301        <receiver
301-->src/main/AndroidManifest.xml:252:9-259:20
302            android:name="com.i2donate.Interwork.ConnectivityReceiver"
302-->src/main/AndroidManifest.xml:253:13-59
303            android:enabled="true"
303-->src/main/AndroidManifest.xml:254:13-35
304            android:exported="false" >
304-->src/main/AndroidManifest.xml:255:13-37
305            <intent-filter>
305-->src/main/AndroidManifest.xml:256:13-258:29
306                <action android:name="android.net.conn.CONNECTIVITY_CHANGE" />
306-->src/main/AndroidManifest.xml:257:17-79
306-->src/main/AndroidManifest.xml:257:25-76
307            </intent-filter>
308        </receiver>
309
310        <meta-data
310-->src/main/AndroidManifest.xml:261:9-263:57
311            android:name="com.google.firebase.messaging.default_notification_icon"
311-->src/main/AndroidManifest.xml:262:13-83
312            android:resource="@drawable/idonate_logo" />
312-->src/main/AndroidManifest.xml:263:13-54
313        <!--
314 Set color used with incoming notification messages. This is used when no color is set for the incoming
315             notification message. See README(https://goo.gl/6BKBk7) for more.
316        -->
317        <meta-data
317-->src/main/AndroidManifest.xml:268:9-270:53
318            android:name="com.google.firebase.messaging.default_notification_color"
318-->src/main/AndroidManifest.xml:269:13-84
319            android:resource="@color/colorAccent" />
319-->src/main/AndroidManifest.xml:270:13-50
320        <meta-data
320-->src/main/AndroidManifest.xml:271:9-273:37
321            android:name="firebase_messaging_auto_init_enabled"
321-->src/main/AndroidManifest.xml:272:13-64
322            android:value="false" />
322-->src/main/AndroidManifest.xml:273:13-34